<?xml version="1.0" encoding="UTF-8"?>
<!-- Generated by org.testng.reporters.JUnitReportReporter -->
<testsuite hostname="Puja" failures="0" tests="2" name="test.TestcasesUsingRobotClass" time="49.776" errors="0" timestamp="24 Nov 2019 12:25:17 GMT" skipped="0">
  <testcase classname="test.TestcasesUsingRobotClass" name="checkvalidInput" time="29.105"/>
  <testcase classname="test.TestcasesUsingRobotClass" name="checkInvalidInput" time="20.671"/>
</testsuite> <!-- test.TestcasesUsingRobotClass -->
