<?xml version="1.0" encoding="UTF-8"?>
<!-- Generated by org.testng.reporters.JUnitReportReporter -->
<testsuite hostname="Puja" failures="0" tests="2" name="test.TestcasesUsingJavaScript" time="42.399" errors="0" timestamp="24 Nov 2019 12:25:17 GMT" skipped="0">
  <testcase classname="test.TestcasesUsingJavaScript" name="checkvalidInput" time="22.539"/>
  <testcase classname="test.TestcasesUsingJavaScript" name="checkInvalidInput" time="19.860"/>
</testsuite> <!-- test.TestcasesUsingJavaScript -->
