<?xml version="1.0" encoding="UTF-8"?>
<!-- Generated by org.testng.reporters.JUnitReportReporter -->
<testsuite hostname="Puja" failures="0" tests="2" name="test.TestcasesUsingJavaScript" time="43.257" errors="0" timestamp="24 Nov 2019 12:45:46 GMT">
  <testcase classname="test.TestcasesUsingJavaScript" name="checkInvalidInput" time="17.830"/>
  <testcase classname="test.TestcasesUsingJavaScript" name="checkvalidInput" time="25.427"/>
</testsuite> <!-- test.TestcasesUsingJavaScript -->
