<?xml version="1.0" encoding="UTF-8"?>
<!-- Generated by org.testng.reporters.JUnitReportReporter -->
<testsuite hostname="Puja" failures="0" tests="2" name="test.TestcasesUsingRobotClass" time="45.241" errors="0" timestamp="24 Nov 2019 12:45:46 GMT">
  <testcase classname="test.TestcasesUsingRobotClass" name="checkInvalidInput" time="19.568"/>
  <testcase classname="test.TestcasesUsingRobotClass" name="checkvalidInput" time="25.673"/>
</testsuite> <!-- test.TestcasesUsingRobotClass -->
